{
  "numFailedTestSuites": 0,
  "numFailedTests": 0,
  "numPassedTestSuites": 4,
  "numPassedTests": 66,
  "numPendingTestSuites": 0,
  "numPendingTests": 0,
  "numRuntimeErrorTestSuites": 0,
  "numTodoTests": 0,
  "numTotalTestSuites": 4,
  "numTotalTests": 66,
  "openHandles": [],
  "snapshot": {
    "added": 0,
    "didUpdate": false,
    "failure": false,
    "filesAdded": 0,
    "filesRemoved": 0,
    "filesRemovedList": [],
    "filesUnmatched": 0,
    "filesUpdated": 0,
    "matched": 0,
    "total": 0,
    "unchecked": 0,
    "uncheckedKeysByFile": [],
    "unmatched": 0,
    "updated": 0
  },
  "startTime": 1745027426107,
  "success": true,
  "testResults": [
    {
      "assertionResults": [
        {
          "ancestorTitles": ["Move 테스트"],
          "duration": 8,
          "failureDetails": [],
          "failureMessages": [],
          "fullName": "Move 테스트 Move 생성 시 첫 번째 슬라이드의 위치로 이동한다.",
          "invocations": 1,
          "location": null,
          "numPassingAsserts": 1,
          "retryReasons": [],
          "status": "passed",
          "title": "Move 생성 시 첫 번째 슬라이드의 위치로 이동한다."
        },
        {
          "ancestorTitles": ["Move 테스트"],
          "duration": 1,
          "failureDetails": [],
          "failureMessages": [],
          "fullName": "Move 테스트 goToIndex()에 2를 넘겨주면 두 번째 슬라이드의 위치로 이동하고 duration이 전달된 값으로 설정된다.",
          "invocations": 1,
          "location": null,
          "numPassingAsserts": 3,
          "retryReasons": [],
          "status": "passed",
          "title": "goToIndex()에 2를 넘겨주면 두 번째 슬라이드의 위치로 이동하고 duration이 전달된 값으로 설정된다."
        },
        {
          "ancestorTitles": ["Move 테스트"],
          "duration": 1,
          "failureDetails": [],
          "failureMessages": [],
          "fullName": "Move 테스트 Move 생성 시 slidesPerView를 2로 설정하고 이동하면 화면에서 나누는 값만큼 이동한다.",
          "invocations": 1,
          "location": null,
          "numPassingAsserts": 1,
          "retryReasons": [],
          "status": "passed",
          "title": "Move 생성 시 slidesPerView를 2로 설정하고 이동하면 화면에서 나누는 값만큼 이동한다."
        },
        {
          "ancestorTitles": ["Move 테스트"],
          "duration": 1,
          "failureDetails": [],
          "failureMessages": [],
          "fullName": "Move 테스트 Move 생성 시 spaceBetween을 10으로 설정하고 이동하면 spaceBetween 만큼 더 이동한다.",
          "invocations": 1,
          "location": null,
          "numPassingAsserts": 2,
          "retryReasons": [],
          "status": "passed",
          "title": "Move 생성 시 spaceBetween을 10으로 설정하고 이동하면 spaceBetween 만큼 더 이동한다."
        },
        {
          "ancestorTitles": ["Move 테스트"],
          "duration": 1,
          "failureDetails": [],
          "failureMessages": [],
          "fullName": "Move 테스트 goToByDrag()에 3을 넘겨주면 세 번째 슬라이드의 위치로 이동하고 duration은 1000으로 설정된다.",
          "invocations": 1,
          "location": null,
          "numPassingAsserts": 3,
          "retryReasons": [],
          "status": "passed",
          "title": "goToByDrag()에 3을 넘겨주면 세 번째 슬라이드의 위치로 이동하고 duration은 1000으로 설정된다."
        },
        {
          "ancestorTitles": ["Move 테스트"],
          "duration": 0,
          "failureDetails": [],
          "failureMessages": [],
          "fullName": "Move 테스트 moveToIndex()에 4를 넘겨주면 네 번째 슬라이드의 위치로 이동한다.",
          "invocations": 1,
          "location": null,
          "numPassingAsserts": 1,
          "retryReasons": [],
          "status": "passed",
          "title": "moveToIndex()에 4를 넘겨주면 네 번째 슬라이드의 위치로 이동한다."
        },
        {
          "ancestorTitles": ["Move 테스트"],
          "duration": 1,
          "failureDetails": [],
          "failureMessages": [],
          "fullName": "Move 테스트 moveByOffset()에 x 값과 5를 넘겨주면 5번째 슬라이드에서 넘겨준 x 만큼의 위치로 이동한다.",
          "invocations": 1,
          "location": null,
          "numPassingAsserts": 1,
          "retryReasons": [],
          "status": "passed",
          "title": "moveByOffset()에 x 값과 5를 넘겨주면 5번째 슬라이드에서 넘겨준 x 만큼의 위치로 이동한다."
        }
      ],
      "endTime": 1745027429334,
      "message": "",
      "name": "C:\\Users\\sjw73\\Desktop\\dev\\simplify-slider\\packages\\core\\src\\slider\\move\\move.test.ts",
      "startTime": 1745027427048,
      "status": "passed",
      "summary": ""
    },
    {
      "assertionResults": [
        {
          "ancestorTitles": ["Autoplay 테스트"],
          "duration": 10,
          "failureDetails": [],
          "failureMessages": [],
          "fullName": "Autoplay 테스트 start()가 호출되면 진행시간 동안 progress가 호출되고, 완료되면 callback이 호출된다.",
          "invocations": 1,
          "location": null,
          "numPassingAsserts": 6,
          "retryReasons": [],
          "status": "passed",
          "title": "start()가 호출되면 진행시간 동안 progress가 호출되고, 완료되면 callback이 호출된다."
        },
        {
          "ancestorTitles": ["Autoplay 테스트"],
          "duration": 1,
          "failureDetails": [],
          "failureMessages": [],
          "fullName": "Autoplay 테스트 stop()이 호출되면 start()가 중지된다.",
          "invocations": 1,
          "location": null,
          "numPassingAsserts": 4,
          "retryReasons": [],
          "status": "passed",
          "title": "stop()이 호출되면 start()가 중지된다."
        },
        {
          "ancestorTitles": ["Autoplay 테스트"],
          "duration": 2,
          "failureDetails": [],
          "failureMessages": [],
          "fullName": "Autoplay 테스트 start()가 호출된 후 다시 start()가 호출되면 이전 애니메이션이 중지되고 새로운 애니메이션이 시작된다.",
          "invocations": 1,
          "location": null,
          "numPassingAsserts": 6,
          "retryReasons": [],
          "status": "passed",
          "title": "start()가 호출된 후 다시 start()가 호출되면 이전 애니메이션이 중지되고 새로운 애니메이션이 시작된다."
        }
      ],
      "endTime": 1745027429341,
      "message": "",
      "name": "C:\\Users\\sjw73\\Desktop\\dev\\simplify-slider\\packages\\core\\src\\slider\\autoplay\\autoplay.test.ts",
      "startTime": 1745027427048,
      "status": "passed",
      "summary": ""
    },
    {
      "assertionResults": [
        {
          "ancestorTitles": ["Drag 테스트"],
          "duration": 16,
          "failureDetails": [],
          "failureMessages": [],
          "fullName": "Drag 테스트 마우스를 클릭하고 드래그 하지 않고 떼면 dragUpdate()에 back 값을 가진 콜백이 호출된다.",
          "invocations": 1,
          "location": null,
          "numPassingAsserts": 1,
          "retryReasons": [],
          "status": "passed",
          "title": "마우스를 클릭하고 드래그 하지 않고 떼면 dragUpdate()에 back 값을 가진 콜백이 호출된다."
        },
        {
          "ancestorTitles": ["Drag 테스트"],
          "duration": 2,
          "failureDetails": [],
          "failureMessages": [],
          "fullName": "Drag 테스트 왼쪽으로 50%이상 드래그하면 dragUpdate()에 next 값을 가진 콜백이 호출된다.",
          "invocations": 1,
          "location": null,
          "numPassingAsserts": 1,
          "retryReasons": [],
          "status": "passed",
          "title": "왼쪽으로 50%이상 드래그하면 dragUpdate()에 next 값을 가진 콜백이 호출된다."
        },
        {
          "ancestorTitles": ["Drag 테스트"],
          "duration": 3,
          "failureDetails": [],
          "failureMessages": [],
          "fullName": "Drag 테스트 왼쪽으로 50%미만 드래그하면 dragUpdate()에 back 값을 가진 콜백이 호출된다.",
          "invocations": 1,
          "location": null,
          "numPassingAsserts": 1,
          "retryReasons": [],
          "status": "passed",
          "title": "왼쪽으로 50%미만 드래그하면 dragUpdate()에 back 값을 가진 콜백이 호출된다."
        },
        {
          "ancestorTitles": ["Drag 테스트"],
          "duration": 1,
          "failureDetails": [],
          "failureMessages": [],
          "fullName": "Drag 테스트 오른쪽으로 50%이상 드래그하면 dragUpdate()에 prev 값을 가진 콜백이 호출된다.",
          "invocations": 1,
          "location": null,
          "numPassingAsserts": 1,
          "retryReasons": [],
          "status": "passed",
          "title": "오른쪽으로 50%이상 드래그하면 dragUpdate()에 prev 값을 가진 콜백이 호출된다."
        },
        {
          "ancestorTitles": ["Drag 테스트"],
          "duration": 1,
          "failureDetails": [],
          "failureMessages": [],
          "fullName": "Drag 테스트 오른쪽으로 50%미만 드래그하면 dragUpdate()에 back 값을 가진 콜백이 호출된다.",
          "invocations": 1,
          "location": null,
          "numPassingAsserts": 1,
          "retryReasons": [],
          "status": "passed",
          "title": "오른쪽으로 50%미만 드래그하면 dragUpdate()에 back 값을 가진 콜백이 호출된다."
        },
        {
          "ancestorTitles": ["Drag 테스트"],
          "duration": 1,
          "failureDetails": [],
          "failureMessages": [],
          "fullName": "Drag 테스트 드래그 중에 마우스가 이동하면 dragMove()에 x값이 전달된다.",
          "invocations": 1,
          "location": null,
          "numPassingAsserts": 1,
          "retryReasons": [],
          "status": "passed",
          "title": "드래그 중에 마우스가 이동하면 dragMove()에 x값이 전달된다."
        },
        {
          "ancestorTitles": ["Drag 테스트"],
          "duration": 1,
          "failureDetails": [],
          "failureMessages": [],
          "fullName": "Drag 테스트 destroy()가 호출되면 이벤트 리스너가 제거된다.",
          "invocations": 1,
          "location": null,
          "numPassingAsserts": 1,
          "retryReasons": [],
          "status": "passed",
          "title": "destroy()가 호출되면 이벤트 리스너가 제거된다."
        }
      ],
      "endTime": 1745027429411,
      "message": "",
      "name": "C:\\Users\\sjw73\\Desktop\\dev\\simplify-slider\\packages\\core\\src\\slider\\drag\\drag.test.ts",
      "startTime": 1745027427048,
      "status": "passed",
      "summary": ""
    },
    {
      "assertionResults": [
        {
          "ancestorTitles": ["Core 테스트"],
          "duration": 17,
          "failureDetails": [],
          "failureMessages": [],
          "fullName": "Core 테스트 Core 생성 시 슬라이드가 없으면 오류가 발생한다.",
          "invocations": 1,
          "location": null,
          "numPassingAsserts": 1,
          "retryReasons": [],
          "status": "passed",
          "title": "Core 생성 시 슬라이드가 없으면 오류가 발생한다."
        },
        {
          "ancestorTitles": ["Core 테스트"],
          "duration": 7,
          "failureDetails": [],
          "failureMessages": [],
          "fullName": "Core 테스트 Core 생성 시 wrapper의 첫 번째 자식으로 마지막 슬라이드의 클론이 생성된다.",
          "invocations": 1,
          "location": null,
          "numPassingAsserts": 2,
          "retryReasons": [],
          "status": "passed",
          "title": "Core 생성 시 wrapper의 첫 번째 자식으로 마지막 슬라이드의 클론이 생성된다."
        },
        {
          "ancestorTitles": ["Core 테스트"],
          "duration": 1,
          "failureDetails": [],
          "failureMessages": [],
          "fullName": "Core 테스트 Core 생성 시 wrapper의 마지막 자식으로 첫 번째 슬라이드의 클론이 생성된다.",
          "invocations": 1,
          "location": null,
          "numPassingAsserts": 2,
          "retryReasons": [],
          "status": "passed",
          "title": "Core 생성 시 wrapper의 마지막 자식으로 첫 번째 슬라이드의 클론이 생성된다."
        },
        {
          "ancestorTitles": ["Core 테스트"],
          "duration": 1,
          "failureDetails": [],
          "failureMessages": [],
          "fullName": "Core 테스트 getCurrentIndex()가 호출되면 현재 슬라이드의 index 값을 얻을 수 있다.",
          "invocations": 1,
          "location": null,
          "numPassingAsserts": 1,
          "retryReasons": [],
          "status": "passed",
          "title": "getCurrentIndex()가 호출되면 현재 슬라이드의 index 값을 얻을 수 있다."
        },
        {
          "ancestorTitles": ["Core 테스트"],
          "duration": 1,
          "failureDetails": [],
          "failureMessages": [],
          "fullName": "Core 테스트 next()를 호출하면 index가 증가해야 한다.",
          "invocations": 1,
          "location": null,
          "numPassingAsserts": 2,
          "retryReasons": [],
          "status": "passed",
          "title": "next()를 호출하면 index가 증가해야 한다."
        },
        {
          "ancestorTitles": ["Core 테스트"],
          "duration": 2,
          "failureDetails": [],
          "failureMessages": [],
          "fullName": "Core 테스트 prev()를 호출하면 index가 감소해야 한다.",
          "invocations": 1,
          "location": null,
          "numPassingAsserts": 2,
          "retryReasons": [],
          "status": "passed",
          "title": "prev()를 호출하면 index가 감소해야 한다."
        },
        {
          "ancestorTitles": ["Core 테스트"],
          "duration": 1,
          "failureDetails": [],
          "failureMessages": [],
          "fullName": "Core 테스트 goTo()를 호출하면 index가 해당 값으로 변경되야 한다.",
          "invocations": 1,
          "location": null,
          "numPassingAsserts": 2,
          "retryReasons": [],
          "status": "passed",
          "title": "goTo()를 호출하면 index가 해당 값으로 변경되야 한다."
        },
        {
          "ancestorTitles": ["Core 테스트"],
          "duration": 1,
          "failureDetails": [],
          "failureMessages": [],
          "fullName": "Core 테스트 goTo()를 호출할 때 index가 범위를 벗어나면 오류가 발생하고 index는 유지되어야 한다.",
          "invocations": 1,
          "location": null,
          "numPassingAsserts": 3,
          "retryReasons": [],
          "status": "passed",
          "title": "goTo()를 호출할 때 index가 범위를 벗어나면 오류가 발생하고 index는 유지되어야 한다."
        },
        {
          "ancestorTitles": ["Core 테스트"],
          "duration": 1,
          "failureDetails": [],
          "failureMessages": [],
          "fullName": "Core 테스트 next()를 호출할 때 duration 시간 이전에 다시 호출해도 index는 증가하지 않아야 한다.",
          "invocations": 1,
          "location": null,
          "numPassingAsserts": 2,
          "retryReasons": [],
          "status": "passed",
          "title": "next()를 호출할 때 duration 시간 이전에 다시 호출해도 index는 증가하지 않아야 한다."
        },
        {
          "ancestorTitles": ["Core 테스트"],
          "duration": 1,
          "failureDetails": [],
          "failureMessages": [],
          "fullName": "Core 테스트 next()를 호출할 때 duration 시간 후에 다시 호출하면 index가 증가해야 한다.",
          "invocations": 1,
          "location": null,
          "numPassingAsserts": 2,
          "retryReasons": [],
          "status": "passed",
          "title": "next()를 호출할 때 duration 시간 후에 다시 호출하면 index가 증가해야 한다."
        },
        {
          "ancestorTitles": ["Core 테스트"],
          "duration": 1,
          "failureDetails": [],
          "failureMessages": [],
          "fullName": "Core 테스트 옵션을 설정하지 않으면 기본 옵션이 적용된다.",
          "invocations": 1,
          "location": null,
          "numPassingAsserts": 1,
          "retryReasons": [],
          "status": "passed",
          "title": "옵션을 설정하지 않으면 기본 옵션이 적용된다."
        },
        {
          "ancestorTitles": ["Core 테스트"],
          "duration": 1,
          "failureDetails": [],
          "failureMessages": [],
          "fullName": "Core 테스트 slidesPerView 옵션을 설정하지 않으면 slide의 너비는 100%로 설정된다.",
          "invocations": 1,
          "location": null,
          "numPassingAsserts": 1,
          "retryReasons": [],
          "status": "passed",
          "title": "slidesPerView 옵션을 설정하지 않으면 slide의 너비는 100%로 설정된다."
        },
        {
          "ancestorTitles": ["Core 테스트"],
          "duration": 1,
          "failureDetails": [],
          "failureMessages": [],
          "fullName": "Core 테스트 slidesPerView 옵션을 설정하면 slide의 너비가 100% / slidesPerView로 설정된다.",
          "invocations": 1,
          "location": null,
          "numPassingAsserts": 1,
          "retryReasons": [],
          "status": "passed",
          "title": "slidesPerView 옵션을 설정하면 slide의 너비가 100% / slidesPerView로 설정된다."
        },
        {
          "ancestorTitles": ["Core 테스트"],
          "duration": 1,
          "failureDetails": [],
          "failureMessages": [],
          "fullName": "Core 테스트 slidesPerView 옵션을 통해 끝에서부터 전달한 수만큼 클론이 만들어진다.",
          "invocations": 1,
          "location": null,
          "numPassingAsserts": 4,
          "retryReasons": [],
          "status": "passed",
          "title": "slidesPerView 옵션을 통해 끝에서부터 전달한 수만큼 클론이 만들어진다."
        },
        {
          "ancestorTitles": ["Core 테스트"],
          "duration": 1,
          "failureDetails": [],
          "failureMessages": [],
          "fullName": "Core 테스트 slidesPerView 옵션을 통해 처음부터 전달한 수만큼 클론이 만들어진다.",
          "invocations": 1,
          "location": null,
          "numPassingAsserts": 4,
          "retryReasons": [],
          "status": "passed",
          "title": "slidesPerView 옵션을 통해 처음부터 전달한 수만큼 클론이 만들어진다."
        },
        {
          "ancestorTitles": ["Core 테스트"],
          "duration": 0,
          "failureDetails": [],
          "failureMessages": [],
          "fullName": "Core 테스트 spaceBetween 옵션을 설정하면 gap이 해당 값으로 설정된다.",
          "invocations": 1,
          "location": null,
          "numPassingAsserts": 1,
          "retryReasons": [],
          "status": "passed",
          "title": "spaceBetween 옵션을 설정하면 gap이 해당 값으로 설정된다."
        },
        {
          "ancestorTitles": ["Core 테스트"],
          "duration": 1,
          "failureDetails": [],
          "failureMessages": [],
          "fullName": "Core 테스트 duration 옵션을 설정하면 해당 값으로 duration이 설정된다.",
          "invocations": 1,
          "location": null,
          "numPassingAsserts": 1,
          "retryReasons": [],
          "status": "passed",
          "title": "duration 옵션을 설정하면 해당 값으로 duration이 설정된다."
        },
        {
          "ancestorTitles": ["Core 테스트"],
          "duration": 1,
          "failureDetails": [],
          "failureMessages": [],
          "fullName": "Core 테스트 loop 옵션을 설정하면 해당 값으로 loop이 설정된다.",
          "invocations": 1,
          "location": null,
          "numPassingAsserts": 1,
          "retryReasons": [],
          "status": "passed",
          "title": "loop 옵션을 설정하면 해당 값으로 loop이 설정된다."
        },
        {
          "ancestorTitles": ["Core 테스트"],
          "duration": 1,
          "failureDetails": [],
          "failureMessages": [],
          "fullName": "Core 테스트 drag 옵션을 설정하면 해당 값으로 drag이 설정된다.",
          "invocations": 1,
          "location": null,
          "numPassingAsserts": 1,
          "retryReasons": [],
          "status": "passed",
          "title": "drag 옵션을 설정하면 해당 값으로 drag이 설정된다."
        },
        {
          "ancestorTitles": ["Core 테스트"],
          "duration": 1,
          "failureDetails": [],
          "failureMessages": [],
          "fullName": "Core 테스트 toGo()를 호출하면 index가 해당 값으로 변경되야 한다.",
          "invocations": 1,
          "location": null,
          "numPassingAsserts": 2,
          "retryReasons": [],
          "status": "passed",
          "title": "toGo()를 호출하면 index가 해당 값으로 변경되야 한다."
        },
        {
          "ancestorTitles": ["Core 테스트"],
          "duration": 1,
          "failureDetails": [],
          "failureMessages": [],
          "fullName": "Core 테스트 toGo()를 호출할 때 index가 범위를 벗어나면 오류가 발생하고 index는 유지되어야 한다.",
          "invocations": 1,
          "location": null,
          "numPassingAsserts": 3,
          "retryReasons": [],
          "status": "passed",
          "title": "toGo()를 호출할 때 index가 범위를 벗어나면 오류가 발생하고 index는 유지되어야 한다."
        },
        {
          "ancestorTitles": ["Core 테스트"],
          "duration": 0,
          "failureDetails": [],
          "failureMessages": [],
          "fullName": "Core 테스트 loop 옵션이 없을 때 마지막 슬라이드에서 next()를 호출하면 index는 유지되어야 한다.",
          "invocations": 1,
          "location": null,
          "numPassingAsserts": 2,
          "retryReasons": [],
          "status": "passed",
          "title": "loop 옵션이 없을 때 마지막 슬라이드에서 next()를 호출하면 index는 유지되어야 한다."
        },
        {
          "ancestorTitles": ["Core 테스트"],
          "duration": 1,
          "failureDetails": [],
          "failureMessages": [],
          "fullName": "Core 테스트 loop 옵션이 있을 때 마지막 슬라이드에서 next()를 호출하면 첫 번째 슬라이드로 돌아가야 한다.",
          "invocations": 1,
          "location": null,
          "numPassingAsserts": 2,
          "retryReasons": [],
          "status": "passed",
          "title": "loop 옵션이 있을 때 마지막 슬라이드에서 next()를 호출하면 첫 번째 슬라이드로 돌아가야 한다."
        },
        {
          "ancestorTitles": ["Core 테스트"],
          "duration": 1,
          "failureDetails": [],
          "failureMessages": [],
          "fullName": "Core 테스트 loop 옵션이 없을 때 첫 번째 슬라이드에서 prev()를 호출하면 index는 유지되어야 한다.",
          "invocations": 1,
          "location": null,
          "numPassingAsserts": 2,
          "retryReasons": [],
          "status": "passed",
          "title": "loop 옵션이 없을 때 첫 번째 슬라이드에서 prev()를 호출하면 index는 유지되어야 한다."
        },
        {
          "ancestorTitles": ["Core 테스트"],
          "duration": 1,
          "failureDetails": [],
          "failureMessages": [],
          "fullName": "Core 테스트 loop 옵션이 있을 때 첫 번째 슬라이드에서 prev()를 호출하면 마지막 슬라이드로 이동해야 한다.",
          "invocations": 1,
          "location": null,
          "numPassingAsserts": 2,
          "retryReasons": [],
          "status": "passed",
          "title": "loop 옵션이 있을 때 첫 번째 슬라이드에서 prev()를 호출하면 마지막 슬라이드로 이동해야 한다."
        },
        {
          "ancestorTitles": ["Core 테스트"],
          "duration": 0,
          "failureDetails": [],
          "failureMessages": [],
          "fullName": "Core 테스트 drag 옵션이 false일 때, Drag 클래스가 생성되지 않아야 한다.",
          "invocations": 1,
          "location": null,
          "numPassingAsserts": 1,
          "retryReasons": [],
          "status": "passed",
          "title": "drag 옵션이 false일 때, Drag 클래스가 생성되지 않아야 한다."
        },
        {
          "ancestorTitles": ["Core 테스트"],
          "duration": 1,
          "failureDetails": [],
          "failureMessages": [],
          "fullName": "Core 테스트 drag 옵션이 true일 때, Drag 클래스가 생성되어야 한다.",
          "invocations": 1,
          "location": null,
          "numPassingAsserts": 1,
          "retryReasons": [],
          "status": "passed",
          "title": "drag 옵션이 true일 때, Drag 클래스가 생성되어야 한다."
        },
        {
          "ancestorTitles": ["Core 테스트"],
          "duration": 2,
          "failureDetails": [],
          "failureMessages": [],
          "fullName": "Core 테스트 drag 옵션이 true일 때, 왼쪽으로 50%이상 드래그하면 index가 증가해야 한다.",
          "invocations": 1,
          "location": null,
          "numPassingAsserts": 2,
          "retryReasons": [],
          "status": "passed",
          "title": "drag 옵션이 true일 때, 왼쪽으로 50%이상 드래그하면 index가 증가해야 한다."
        },
        {
          "ancestorTitles": ["Core 테스트"],
          "duration": 2,
          "failureDetails": [],
          "failureMessages": [],
          "fullName": "Core 테스트 drag 옵션이 true일 때, 왼쪽으로 50%미만 드래그하면 index는 유지되어야 한다.",
          "invocations": 1,
          "location": null,
          "numPassingAsserts": 2,
          "retryReasons": [],
          "status": "passed",
          "title": "drag 옵션이 true일 때, 왼쪽으로 50%미만 드래그하면 index는 유지되어야 한다."
        },
        {
          "ancestorTitles": ["Core 테스트"],
          "duration": 2,
          "failureDetails": [],
          "failureMessages": [],
          "fullName": "Core 테스트 drag 옵션이 true일 때, 오른쪽으로 50%이상 드래그하면 index가 감소해야 한다.",
          "invocations": 1,
          "location": null,
          "numPassingAsserts": 3,
          "retryReasons": [],
          "status": "passed",
          "title": "drag 옵션이 true일 때, 오른쪽으로 50%이상 드래그하면 index가 감소해야 한다."
        },
        {
          "ancestorTitles": ["Core 테스트"],
          "duration": 1,
          "failureDetails": [],
          "failureMessages": [],
          "fullName": "Core 테스트 drag 옵션이 true일 때, 오른쪽으로 50%미만 드래그하면 index는 유지되어야 한다.",
          "invocations": 1,
          "location": null,
          "numPassingAsserts": 3,
          "retryReasons": [],
          "status": "passed",
          "title": "drag 옵션이 true일 때, 오른쪽으로 50%미만 드래그하면 index는 유지되어야 한다."
        },
        {
          "ancestorTitles": ["Core 테스트"],
          "duration": 1,
          "failureDetails": [],
          "failureMessages": [],
          "fullName": "Core 테스트 drag, loop 옵션이 true일 때, 마지막 슬라이드에서 왼쪽으로 50%이상 드래그하면 첫 번째 슬라이드로 이동해야 한다.",
          "invocations": 1,
          "location": null,
          "numPassingAsserts": 2,
          "retryReasons": [],
          "status": "passed",
          "title": "drag, loop 옵션이 true일 때, 마지막 슬라이드에서 왼쪽으로 50%이상 드래그하면 첫 번째 슬라이드로 이동해야 한다."
        },
        {
          "ancestorTitles": ["Core 테스트"],
          "duration": 1,
          "failureDetails": [],
          "failureMessages": [],
          "fullName": "Core 테스트 drag 옵션은 true이지만 loop 옵션이 false일 때, 마지막 슬라이드에서 왼쪽으로 50%이상 드래그하면 index는 유지되어야 한다.",
          "invocations": 1,
          "location": null,
          "numPassingAsserts": 2,
          "retryReasons": [],
          "status": "passed",
          "title": "drag 옵션은 true이지만 loop 옵션이 false일 때, 마지막 슬라이드에서 왼쪽으로 50%이상 드래그하면 index는 유지되어야 한다."
        },
        {
          "ancestorTitles": ["Core 테스트"],
          "duration": 1,
          "failureDetails": [],
          "failureMessages": [],
          "fullName": "Core 테스트 drag, loop 옵션이 true일 때, 첫 번째 슬라이드에서 오른쪽으로 50%이상 드래그하면 마지막 슬라이드로 이동해야 한다.",
          "invocations": 1,
          "location": null,
          "numPassingAsserts": 2,
          "retryReasons": [],
          "status": "passed",
          "title": "drag, loop 옵션이 true일 때, 첫 번째 슬라이드에서 오른쪽으로 50%이상 드래그하면 마지막 슬라이드로 이동해야 한다."
        },
        {
          "ancestorTitles": ["Core 테스트"],
          "duration": 1,
          "failureDetails": [],
          "failureMessages": [],
          "fullName": "Core 테스트 drag 옵션은 true이지만 loop 옵션이 false일 때, 첫 번째 슬라이드에서 오른쪽으로 50%이상 드래그하면 index는 유지되어야 한다.",
          "invocations": 1,
          "location": null,
          "numPassingAsserts": 2,
          "retryReasons": [],
          "status": "passed",
          "title": "drag 옵션은 true이지만 loop 옵션이 false일 때, 첫 번째 슬라이드에서 오른쪽으로 50%이상 드래그하면 index는 유지되어야 한다."
        },
        {
          "ancestorTitles": ["Core 테스트"],
          "duration": 1,
          "failureDetails": [],
          "failureMessages": [],
          "fullName": "Core 테스트 destroy()가 호출되면 drag 클래스가 제거되고, 이벤트 리스너가 제거된다.",
          "invocations": 1,
          "location": null,
          "numPassingAsserts": 4,
          "retryReasons": [],
          "status": "passed",
          "title": "destroy()가 호출되면 drag 클래스가 제거되고, 이벤트 리스너가 제거된다."
        },
        {
          "ancestorTitles": ["Core 테스트"],
          "duration": 1,
          "failureDetails": [],
          "failureMessages": [],
          "fullName": "Core 테스트 autoplay 옵션이 없을 때, 자동으로 index가 증가하지 않는다.",
          "invocations": 1,
          "location": null,
          "numPassingAsserts": 3,
          "retryReasons": [],
          "status": "passed",
          "title": "autoplay 옵션이 없을 때, 자동으로 index가 증가하지 않는다."
        },
        {
          "ancestorTitles": ["Core 테스트"],
          "duration": 1,
          "failureDetails": [],
          "failureMessages": [],
          "fullName": "Core 테스트 autoplay 옵션이 있을 때, interval 시간 마다 자동으로 index가 증가한다.",
          "invocations": 1,
          "location": null,
          "numPassingAsserts": 3,
          "retryReasons": [],
          "status": "passed",
          "title": "autoplay 옵션이 있을 때, interval 시간 마다 자동으로 index가 증가한다."
        },
        {
          "ancestorTitles": ["Core 테스트"],
          "duration": 1,
          "failureDetails": [],
          "failureMessages": [],
          "fullName": "Core 테스트 autoplay 옵션이 true고 direction이 left일 때, interval에 따라 자동으로 index가 감소한다.",
          "invocations": 1,
          "location": null,
          "numPassingAsserts": 3,
          "retryReasons": [],
          "status": "passed",
          "title": "autoplay 옵션이 true고 direction이 left일 때, interval에 따라 자동으로 index가 감소한다."
        },
        {
          "ancestorTitles": ["Core 테스트"],
          "duration": 1,
          "failureDetails": [],
          "failureMessages": [],
          "fullName": "Core 테스트 autoplay 옵션이 true고 drag 옵션이 true일 때, drag 이벤트가 발생하면 autoplay의 stop()이 호출된다.",
          "invocations": 1,
          "location": null,
          "numPassingAsserts": 1,
          "retryReasons": [],
          "status": "passed",
          "title": "autoplay 옵션이 true고 drag 옵션이 true일 때, drag 이벤트가 발생하면 autoplay의 stop()이 호출된다."
        },
        {
          "ancestorTitles": ["Core 테스트"],
          "duration": 1,
          "failureDetails": [],
          "failureMessages": [],
          "fullName": "Core 테스트 autoplay 옵션에서 onProgress가 설정되면, autoplay 진행 중에 해당 콜백이 호출된다.",
          "invocations": 1,
          "location": null,
          "numPassingAsserts": 1,
          "retryReasons": [],
          "status": "passed",
          "title": "autoplay 옵션에서 onProgress가 설정되면, autoplay 진행 중에 해당 콜백이 호출된다."
        },
        {
          "ancestorTitles": ["Core 테스트"],
          "duration": 1,
          "failureDetails": [],
          "failureMessages": [],
          "fullName": "Core 테스트 autoplay 옵션에서 rolling이 true일 때, transitionTimingFunction은 linear로 설정된다.",
          "invocations": 1,
          "location": null,
          "numPassingAsserts": 1,
          "retryReasons": [],
          "status": "passed",
          "title": "autoplay 옵션에서 rolling이 true일 때, transitionTimingFunction은 linear로 설정된다."
        },
        {
          "ancestorTitles": ["Core 테스트"],
          "duration": 1,
          "failureDetails": [],
          "failureMessages": [],
          "fullName": "Core 테스트 autoplay 옵션에서 rolling이 false일 때, transitionTimingFunction은 ease로 설정된다.",
          "invocations": 1,
          "location": null,
          "numPassingAsserts": 1,
          "retryReasons": [],
          "status": "passed",
          "title": "autoplay 옵션에서 rolling이 false일 때, transitionTimingFunction은 ease로 설정된다."
        },
        {
          "ancestorTitles": ["Core 테스트"],
          "duration": 0,
          "failureDetails": [],
          "failureMessages": [],
          "fullName": "Core 테스트 autoplay 옵션에서 rolling이 true일 때, next()가 호출되면 index가 증가하지 않는다.",
          "invocations": 1,
          "location": null,
          "numPassingAsserts": 2,
          "retryReasons": [],
          "status": "passed",
          "title": "autoplay 옵션에서 rolling이 true일 때, next()가 호출되면 index가 증가하지 않는다."
        },
        {
          "ancestorTitles": ["Core 테스트"],
          "duration": 1,
          "failureDetails": [],
          "failureMessages": [],
          "fullName": "Core 테스트 autoplay 옵션에서 rolling이 true일 때, prev()가 호출되면 index가 감소하지 않는다.",
          "invocations": 1,
          "location": null,
          "numPassingAsserts": 2,
          "retryReasons": [],
          "status": "passed",
          "title": "autoplay 옵션에서 rolling이 true일 때, prev()가 호출되면 index가 감소하지 않는다."
        },
        {
          "ancestorTitles": ["Core 테스트"],
          "duration": 0,
          "failureDetails": [],
          "failureMessages": [],
          "fullName": "Core 테스트 autoplay 옵션에서 rolling이 true일 때, goTo()가 호출되면 index가 변경되지 않는다.",
          "invocations": 1,
          "location": null,
          "numPassingAsserts": 2,
          "retryReasons": [],
          "status": "passed",
          "title": "autoplay 옵션에서 rolling이 true일 때, goTo()가 호출되면 index가 변경되지 않는다."
        },
        {
          "ancestorTitles": ["Core 테스트"],
          "duration": 1,
          "failureDetails": [],
          "failureMessages": [],
          "fullName": "Core 테스트 autoplay 옵션에서 rolling이 true일 때, drag 클래스가 생성되지 않는다.",
          "invocations": 1,
          "location": null,
          "numPassingAsserts": 1,
          "retryReasons": [],
          "status": "passed",
          "title": "autoplay 옵션에서 rolling이 true일 때, drag 클래스가 생성되지 않는다."
        },
        {
          "ancestorTitles": ["Core 테스트"],
          "duration": 1,
          "failureDetails": [],
          "failureMessages": [],
          "fullName": "Core 테스트 autoplay 옵션에서 rolling이 true일 때, interval 값은 0이 된다.",
          "invocations": 1,
          "location": null,
          "numPassingAsserts": 1,
          "retryReasons": [],
          "status": "passed",
          "title": "autoplay 옵션에서 rolling이 true일 때, interval 값은 0이 된다."
        },
        {
          "ancestorTitles": ["Core 테스트"],
          "duration": 0,
          "failureDetails": [],
          "failureMessages": [],
          "fullName": "Core 테스트 autoplay 옵션에서 rolling이 false일 때, interval 값은 설정한 값이 된다.",
          "invocations": 1,
          "location": null,
          "numPassingAsserts": 1,
          "retryReasons": [],
          "status": "passed",
          "title": "autoplay 옵션에서 rolling이 false일 때, interval 값은 설정한 값이 된다."
        }
      ],
      "endTime": 1745027429547,
      "message": "",
      "name": "C:\\Users\\sjw73\\Desktop\\dev\\simplify-slider\\packages\\core\\src\\slider\\core\\core.test.ts",
      "startTime": 1745027427047,
      "status": "passed",
      "summary": ""
    }
  ],
  "wasInterrupted": false
}
