{
  "numFailedTestSuites": 0,
  "numFailedTests": 0,
  "numPassedTestSuites": 3,
  "numPassedTests": 11,
  "numPendingTestSuites": 0,
  "numPendingTests": 0,
  "numRuntimeErrorTestSuites": 0,
  "numTodoTests": 0,
  "numTotalTestSuites": 3,
  "numTotalTests": 11,
  "openHandles": [],
  "snapshot": {
    "added": 0,
    "didUpdate": false,
    "failure": false,
    "filesAdded": 0,
    "filesRemoved": 0,
    "filesRemovedList": [],
    "filesUnmatched": 0,
    "filesUpdated": 0,
    "matched": 0,
    "total": 0,
    "unchecked": 0,
    "uncheckedKeysByFile": [],
    "unmatched": 0,
    "updated": 0
  },
  "startTime": 1745027430461,
  "success": true,
  "testResults": [
    {
      "assertionResults": [
        {
          "ancestorTitles": ["Simplify Slide 테스트"],
          "duration": 22,
          "failureDetails": [],
          "failureMessages": [],
          "fullName": "Simplify Slide 테스트 React Node를 children으로 전달받으면 Simplify Slide와 함께 렌더링된다.",
          "invocations": 1,
          "location": null,
          "numPassingAsserts": 2,
          "retryReasons": [],
          "status": "passed",
          "title": "React Node를 children으로 전달받으면 Simplify Slide와 함께 렌더링된다."
        },
        {
          "ancestorTitles": ["Simplify Slide 테스트"],
          "duration": 2,
          "failureDetails": [],
          "failureMessages": [],
          "fullName": "Simplify Slide 테스트 문자열을 children으로 전달받으면 Simplify Slide와 함께 렌더링된다.",
          "invocations": 1,
          "location": null,
          "numPassingAsserts": 2,
          "retryReasons": [],
          "status": "passed",
          "title": "문자열을 children으로 전달받으면 Simplify Slide와 함께 렌더링된다."
        },
        {
          "ancestorTitles": ["Simplify Slide 테스트"],
          "duration": 0,
          "failureDetails": [],
          "failureMessages": [],
          "fullName": "Simplify Slide 테스트 Simplify Slide는 displayName이 'SimplifySlide'이다.",
          "invocations": 1,
          "location": null,
          "numPassingAsserts": 1,
          "retryReasons": [],
          "status": "passed",
          "title": "Simplify Slide는 displayName이 'SimplifySlide'이다."
        }
      ],
      "endTime": 1745027433551,
      "message": "",
      "name": "C:\\Users\\sjw73\\Desktop\\dev\\simplify-slider\\packages\\react\\src\\components\\simplifySlide\\simplifySlide.test.tsx",
      "startTime": 1745027431312,
      "status": "passed",
      "summary": ""
    },
    {
      "assertionResults": [
        {
          "ancestorTitles": ["Simplify Slider 테스트"],
          "duration": 30,
          "failureDetails": [],
          "failureMessages": [],
          "fullName": "Simplify Slider 테스트 Simplify Slide를 children으로 전달받으면 Simplify Slider의 list 클래스 아래에 클론 요소와 함께 렌더링된다.",
          "invocations": 1,
          "location": null,
          "numPassingAsserts": 1,
          "retryReasons": [],
          "status": "passed",
          "title": "Simplify Slide를 children으로 전달받으면 Simplify Slider의 list 클래스 아래에 클론 요소와 함께 렌더링된다."
        },
        {
          "ancestorTitles": ["Simplify Slider 테스트"],
          "duration": 8,
          "failureDetails": [],
          "failureMessages": [],
          "fullName": "Simplify Slider 테스트 children으로 전달받은 Simplify Slide가 아닌 다른 요소는 list 클래스 아래에 렌더링되지 않는다.",
          "invocations": 1,
          "location": null,
          "numPassingAsserts": 3,
          "retryReasons": [],
          "status": "passed",
          "title": "children으로 전달받은 Simplify Slide가 아닌 다른 요소는 list 클래스 아래에 렌더링되지 않는다."
        }
      ],
      "endTime": 1745027433634,
      "message": "",
      "name": "C:\\Users\\sjw73\\Desktop\\dev\\simplify-slider\\packages\\react\\src\\components\\simplifySlider\\simplifySlider.test.tsx",
      "startTime": 1745027431311,
      "status": "passed",
      "summary": ""
    },
    {
      "assertionResults": [
        {
          "ancestorTitles": ["useSimplifySlide 테스트"],
          "duration": 18,
          "failureDetails": [],
          "failureMessages": [],
          "fullName": "useSimplifySlide 테스트 useSimplifySlide의 core를 Simplify Slider에 전달하지 않고 함수를 호출하면 오류가 발생한다.",
          "invocations": 1,
          "location": null,
          "numPassingAsserts": 1,
          "retryReasons": [],
          "status": "passed",
          "title": "useSimplifySlide의 core를 Simplify Slider에 전달하지 않고 함수를 호출하면 오류가 발생한다."
        },
        {
          "ancestorTitles": ["useSimplifySlide 테스트"],
          "duration": 13,
          "failureDetails": [],
          "failureMessages": [],
          "fullName": "useSimplifySlide 테스트 useSimplifySlide의 core를 Simplify Slider에 전달하고 next 함수를 호출하면 오류가 발생하지 않는다.",
          "invocations": 1,
          "location": null,
          "numPassingAsserts": 1,
          "retryReasons": [],
          "status": "passed",
          "title": "useSimplifySlide의 core를 Simplify Slider에 전달하고 next 함수를 호출하면 오류가 발생하지 않는다."
        },
        {
          "ancestorTitles": ["useSimplifySlide 테스트"],
          "duration": 6,
          "failureDetails": [],
          "failureMessages": [],
          "fullName": "useSimplifySlide 테스트 useSimplifySlide의 core를 Simplify Slider에 전달하고 prev 함수를 호출하면 오류가 발생하지 않는다.",
          "invocations": 1,
          "location": null,
          "numPassingAsserts": 1,
          "retryReasons": [],
          "status": "passed",
          "title": "useSimplifySlide의 core를 Simplify Slider에 전달하고 prev 함수를 호출하면 오류가 발생하지 않는다."
        },
        {
          "ancestorTitles": ["useSimplifySlide 테스트"],
          "duration": 3,
          "failureDetails": [],
          "failureMessages": [],
          "fullName": "useSimplifySlide 테스트 useSimplifySlide의 core를 Simplify Slider에 전달하고 goTo 함수를 호출하면 오류가 발생하지 않는다.",
          "invocations": 1,
          "location": null,
          "numPassingAsserts": 1,
          "retryReasons": [],
          "status": "passed",
          "title": "useSimplifySlide의 core를 Simplify Slider에 전달하고 goTo 함수를 호출하면 오류가 발생하지 않는다."
        },
        {
          "ancestorTitles": ["useSimplifySlide 테스트"],
          "duration": 3,
          "failureDetails": [],
          "failureMessages": [],
          "fullName": "useSimplifySlide 테스트 useSimplifySlide의 core를 Simplify Slider에 전달하고 getCurrentIndex 함수를 호출하면 오류가 발생하지 않는다.",
          "invocations": 1,
          "location": null,
          "numPassingAsserts": 1,
          "retryReasons": [],
          "status": "passed",
          "title": "useSimplifySlide의 core를 Simplify Slider에 전달하고 getCurrentIndex 함수를 호출하면 오류가 발생하지 않는다."
        },
        {
          "ancestorTitles": ["useSimplifySlide 테스트"],
          "duration": 3,
          "failureDetails": [],
          "failureMessages": [],
          "fullName": "useSimplifySlide 테스트 useSimplifySlide의 core를 Simplify Slider에 전달하고 getOptions 함수를 호출하면 오류가 발생하지 않는다.",
          "invocations": 1,
          "location": null,
          "numPassingAsserts": 1,
          "retryReasons": [],
          "status": "passed",
          "title": "useSimplifySlide의 core를 Simplify Slider에 전달하고 getOptions 함수를 호출하면 오류가 발생하지 않는다."
        }
      ],
      "endTime": 1745027433702,
      "message": "",
      "name": "C:\\Users\\sjw73\\Desktop\\dev\\simplify-slider\\packages\\react\\src\\hooks\\useSimplifySlide\\useSimplifySlide.test.tsx",
      "startTime": 1745027431311,
      "status": "passed",
      "summary": ""
    }
  ],
  "wasInterrupted": false
}
